<?xml version="1.0" encoding="UTF-8"?>
<!-- Generated by org.testng.reporters.JUnitXMLReporter -->
<testsuite ignored="2" hostname="Arish" failures="1" tests="4" name="Functional Test" time="28.696" errors="0" timestamp="2024-06-14T07:00:22 BST">
  <testcase classname="test.LoginPageTest" name="VerifyUserLogin" time="3.291"/>
  <testcase classname="test.HomePageTest" name="VerifyCommunityPoolSelection" time="1.61">
    <failure type="java.lang.AssertionError" message="Failed: not selected expected [true] but found [false]">
      <![CDATA[java.lang.AssertionError: Failed: not selected expected [true] but found [false]
at test.HomePageTest.VerifyCommunityPoolSelection(HomePageTest.java:45)
at java.base/java.util.ArrayList.forEach(ArrayList.java:1511)
... Removed 30 stack frames]]>
    </failure>
  </testcase> <!-- VerifyCommunityPoolSelection -->
  <testcase classname="test.HomePageTest" name="VerifyHomPageTitle" time="1.432"/>
  <testcase classname="test.RegisterPageTest" name="VerifyUserRegister" time="6.898"/>
  <testcase classname="test.LoginPageTest" name="verifyUserLoginWithInvalidUserCredentials" time="0.0">
    <ignored/>
  </testcase> <!-- verifyUserLoginWithInvalidUserCredentials -->
  <testcase classname="test.LoginPageTest" name="VerifyLoginPageTitle" time="0.0">
    <ignored/>
  </testcase> <!-- VerifyLoginPageTitle -->
</testsuite> <!-- Functional Test -->
